2023-11-16 14:43:36.720 [info] Added views:workbench.panel.markers.view in workbench.panel.markers
2023-11-16 14:43:36.720 [info] Added views:workbench.panel.output in workbench.panel.output
2023-11-16 14:43:36.720 [info] Added views:terminal in terminal
2023-11-16 14:43:36.720 [info] Added views:outline in workbench.view.explorer
2023-11-16 14:43:36.720 [info] Added views:workbench.scm in workbench.view.scm
2023-11-16 14:43:36.720 [info] Added views:workbench.view.search in workbench.view.search
2023-11-16 14:43:36.720 [info] Added views:timeline in workbench.view.explorer
2023-11-16 14:43:36.720 [info] Added views:workbench.explorer.emptyView in workbench.view.explorer
2023-11-16 14:43:36.991 [info] Added views:workbench.debug.variablesView,workbench.debug.watchExpressionsView,workbench.debug.callStackView,workbench.debug.breakPointsView in workbench.view.debug
2023-11-16 14:43:38.641 [info] Added views:~remote.forwardedPorts in ~remote.forwardedPortsContainer
2023-11-16 14:43:38.792 [info] Added views:workbench.panel.repl.view in workbench.panel.repl
2023-11-16 14:43:38.794 [info] Removed views:workbench.debug.breakPointsView,workbench.debug.callStackView,workbench.debug.watchExpressionsView,workbench.debug.variablesView from workbench.view.debug
2023-11-16 14:43:38.794 [info] Added views:workbench.debug.welcome in workbench.view.debug
2023-11-16 14:44:03.942 [info] Added views:workbench.panel.markers.view in workbench.panel.markers
2023-11-16 14:44:03.942 [info] Added views:workbench.panel.output in workbench.panel.output
2023-11-16 14:44:03.942 [info] Added views:terminal in terminal
2023-11-16 14:44:03.942 [info] Added views:outline in workbench.view.explorer
2023-11-16 14:44:03.942 [info] Added views:workbench.scm in workbench.view.scm
2023-11-16 14:44:03.943 [info] Added views:workbench.view.search in workbench.view.search
2023-11-16 14:44:03.943 [info] Added views:timeline in workbench.view.explorer
2023-11-16 14:44:03.943 [info] Added views:workbench.explorer.fileView in workbench.view.explorer
2023-11-16 14:44:04.624 [info] Added views:workbench.debug.variablesView,workbench.debug.watchExpressionsView,workbench.debug.callStackView,workbench.debug.breakPointsView in workbench.view.debug
2023-11-16 14:44:04.788 [info] Added views:~remote.forwardedPorts in ~remote.forwardedPortsContainer
2023-11-16 14:44:04.824 [info] Added views:workbench.panel.repl.view in workbench.panel.repl
2023-11-16 14:44:04.825 [info] Removed views:workbench.debug.breakPointsView,workbench.debug.callStackView,workbench.debug.watchExpressionsView,workbench.debug.variablesView from workbench.view.debug
2023-11-16 14:44:04.825 [info] Added views:workbench.debug.welcome in workbench.view.debug
